生成启动时间为 2018/5/10 10:01:52。
     1>项目“F:\作业\数字图像处理研讨课\Project4\Project4\Project4.vcxproj”在节点 2 上(Build 个目标)。
     1>ClCompile:
         D:\VS2013\VC\bin\x86_amd64\CL.exe /c /Zi /nologo /W3 /WX- /sdl /Od /D _MBCS /Gm /EHsc /RTC1 /MDd /GS /fp:precise /Zc:wchar_t /Zc:forScope /Fo"x64\Debug\\" /Fd"x64\Debug\vc120.pdb" /Gd /TP /errorReport:prompt Harris.cpp main.cpp
         main.cpp
     1>F:\openCV\opencv\build\include\opencv2/core/mat.hpp(1965): warning C4819: 该文件包含不能在当前代码页(936)中表示的字符。请将该文件保存为 Unicode 格式以防止数据丢失
     1>F:\openCV\opencv\build\include\opencv2/core/persistence.hpp : warning C4819: 该文件包含不能在当前代码页(936)中表示的字符。请将该文件保存为 Unicode 格式以防止数据丢失
     1>F:\openCV\opencv\build\include\opencv2/core/utility.hpp : warning C4819: 该文件包含不能在当前代码页(936)中表示的字符。请将该文件保存为 Unicode 格式以防止数据丢失
         Harris.cpp
     1>F:\openCV\opencv\build\include\opencv2/core/mat.hpp(1965): warning C4819: 该文件包含不能在当前代码页(936)中表示的字符。请将该文件保存为 Unicode 格式以防止数据丢失
     1>F:\openCV\opencv\build\include\opencv2/core/persistence.hpp : warning C4819: 该文件包含不能在当前代码页(936)中表示的字符。请将该文件保存为 Unicode 格式以防止数据丢失
     1>F:\openCV\opencv\build\include\opencv2/core/utility.hpp : warning C4819: 该文件包含不能在当前代码页(936)中表示的字符。请将该文件保存为 Unicode 格式以防止数据丢失
     1>Harris.cpp(62): warning C4244: “=”: 从“double”转换到“int”，可能丢失数据
     1>Harris.cpp(66): warning C4244: “=”: 从“double”转换到“int”，可能丢失数据
         正在生成代码...
       Link:
         D:\VS2013\VC\bin\x86_amd64\link.exe /ERRORREPORT:PROMPT /OUT:"F:\作业\数字图像处理研讨课\Project4\x64\Debug\Project4.exe" /INCREMENTAL /NOLOGO opencv_world310.lib opencv_world310d.lib kernel32.lib user32.lib gdi32.lib winspool.lib comdlg32.lib advapi32.lib shell32.lib ole32.lib oleaut32.lib uuid.lib odbc32.lib odbccp32.lib /MANIFEST /MANIFESTUAC:"level='asInvoker' uiAccess='false'" /manifest:embed /DEBUG /PDB:"F:\作业\数字图像处理研讨课\Project4\x64\Debug\Project4.pdb" /SUBSYSTEM:CONSOLE /TLBID:1 /DYNAMICBASE /NXCOMPAT /IMPLIB:"F:\作业\数字图像处理研讨课\Project4\x64\Debug\Project4.lib" /MACHINE:X64 x64\Debug\Harris.obj
         x64\Debug\main.obj
         Project4.vcxproj -> F:\作业\数字图像处理研讨课\Project4\x64\Debug\Project4.exe
     1>已完成生成项目“F:\作业\数字图像处理研讨课\Project4\Project4\Project4.vcxproj”(Build 个目标)的操作。

生成成功。

已用时间 00:00:09.14
